0 info it worked if it ends with ok
1 verbose cli [ 'C:\\Program Files\\nodejs\\node.exe',
1 verbose cli   'C:\\Program Files\\nodejs\\node_modules\\npm\\bin\\npm-cli.js',
1 verbose cli   'install',
1 verbose cli   'socket' ]
2 info using npm@3.10.10
3 info using node@v6.10.0
4 silly loadCurrentTree Starting
5 silly install loadCurrentTree
6 silly install readLocalPackageData
7 silly fetchPackageMetaData socket
8 silly fetchNamedPackageData socket
9 silly mapToRegistry name socket
10 silly mapToRegistry using default registry
11 silly mapToRegistry registry https://registry.npmjs.org/
12 silly mapToRegistry data Result {
12 silly mapToRegistry   raw: 'socket',
12 silly mapToRegistry   scope: null,
12 silly mapToRegistry   escapedName: 'socket',
12 silly mapToRegistry   name: 'socket',
12 silly mapToRegistry   rawSpec: '',
12 silly mapToRegistry   spec: 'latest',
12 silly mapToRegistry   type: 'tag' }
13 silly mapToRegistry uri https://registry.npmjs.org/socket
14 verbose request uri https://registry.npmjs.org/socket
15 verbose request no auth needed
16 info attempt registry request try #1 at 12:34:52 AM
17 verbose request id 0bbda0bf1be53edf
18 http request GET https://registry.npmjs.org/socket
19 http 200 https://registry.npmjs.org/socket
20 verbose headers { server: 'nginx/1.10.1',
20 verbose headers   'content-type': 'application/json',
20 verbose headers   'last-modified': 'Wed, 11 Feb 2015 23:42:12 GMT',
20 verbose headers   etag: 'W/"54dbe8d4-5f3"',
20 verbose headers   'content-encoding': 'gzip',
20 verbose headers   'cache-control': 'max-age=300',
20 verbose headers   'content-length': '640',
20 verbose headers   'accept-ranges': 'bytes',
20 verbose headers   date: 'Sat, 11 Nov 2017 21:04:55 GMT',
20 verbose headers   via: '1.1 varnish',
20 verbose headers   age: '0',
20 verbose headers   connection: 'keep-alive',
20 verbose headers   'x-served-by': 'cache-fjr7922-FJR',
20 verbose headers   'x-cache': 'MISS',
20 verbose headers   'x-cache-hits': '0',
20 verbose headers   'x-timer': 'S1510434295.625816,VS0,VE789',
20 verbose headers   vary: 'Accept-Encoding, Accept' }
21 silly get cb [ 200,
21 silly get   { server: 'nginx/1.10.1',
21 silly get     'content-type': 'application/json',
21 silly get     'last-modified': 'Wed, 11 Feb 2015 23:42:12 GMT',
21 silly get     etag: 'W/"54dbe8d4-5f3"',
21 silly get     'content-encoding': 'gzip',
21 silly get     'cache-control': 'max-age=300',
21 silly get     'content-length': '640',
21 silly get     'accept-ranges': 'bytes',
21 silly get     date: 'Sat, 11 Nov 2017 21:04:55 GMT',
21 silly get     via: '1.1 varnish',
21 silly get     age: '0',
21 silly get     connection: 'keep-alive',
21 silly get     'x-served-by': 'cache-fjr7922-FJR',
21 silly get     'x-cache': 'MISS',
21 silly get     'x-cache-hits': '0',
21 silly get     'x-timer': 'S1510434295.625816,VS0,VE789',
21 silly get     vary: 'Accept-Encoding, Accept' } ]
22 verbose get saving socket to C:\Users\Mohammadreza\AppData\Roaming\npm-cache\registry.npmjs.org\socket\.cache.json
23 verbose correctMkdir C:\Users\Mohammadreza\AppData\Roaming\npm-cache correctMkdir not in flight; initializing
24 silly install normalizeTree
25 silly loadCurrentTree Finishing
26 silly loadIdealTree Starting
27 silly install loadIdealTree
28 silly cloneCurrentTree Starting
29 silly install cloneCurrentTreeToIdealTree
30 silly cloneCurrentTree Finishing
31 silly loadShrinkwrap Starting
32 silly install loadShrinkwrap
33 silly loadShrinkwrap Finishing
34 silly loadAllDepsIntoIdealTree Starting
35 silly install loadAllDepsIntoIdealTree
36 silly resolveWithNewModule socket@0.0.1 checking installable status
37 silly cache add args [ 'socket', null ]
38 verbose cache add spec socket
39 silly cache add parsed spec Result {
39 silly cache add   raw: 'socket',
39 silly cache add   scope: null,
39 silly cache add   escapedName: 'socket',
39 silly cache add   name: 'socket',
39 silly cache add   rawSpec: '',
39 silly cache add   spec: 'latest',
39 silly cache add   type: 'tag' }
40 silly addNamed socket@latest
41 verbose addNamed "latest" is being treated as a dist-tag for socket
42 info addNameTag [ 'socket', 'latest' ]
43 silly mapToRegistry name socket
44 silly mapToRegistry using default registry
45 silly mapToRegistry registry https://registry.npmjs.org/
46 silly mapToRegistry data Result {
46 silly mapToRegistry   raw: 'socket',
46 silly mapToRegistry   scope: null,
46 silly mapToRegistry   escapedName: 'socket',
46 silly mapToRegistry   name: 'socket',
46 silly mapToRegistry   rawSpec: '',
46 silly mapToRegistry   spec: 'latest',
46 silly mapToRegistry   type: 'tag' }
47 silly mapToRegistry uri https://registry.npmjs.org/socket
48 verbose addNameTag registry:https://registry.npmjs.org/socket not in flight; fetching
49 verbose get https://registry.npmjs.org/socket not expired, no request
50 silly addNameTag next cb for socket with tag latest
51 silly addNamed socket@0.0.1
52 verbose addNamed "0.0.1" is a plain semver version for socket
53 silly mapToRegistry name socket
54 silly mapToRegistry using default registry
55 silly mapToRegistry registry https://registry.npmjs.org/
56 silly mapToRegistry data Result {
56 silly mapToRegistry   raw: 'socket',
56 silly mapToRegistry   scope: null,
56 silly mapToRegistry   escapedName: 'socket',
56 silly mapToRegistry   name: 'socket',
56 silly mapToRegistry   rawSpec: '',
56 silly mapToRegistry   spec: 'latest',
56 silly mapToRegistry   type: 'tag' }
57 silly mapToRegistry uri https://registry.npmjs.org/socket
58 verbose addRemoteTarball https://registry.npmjs.org/socket/-/socket-0.0.1.tgz not in flight; adding
59 verbose addRemoteTarball [ 'https://registry.npmjs.org/socket/-/socket-0.0.1.tgz',
59 verbose addRemoteTarball   '29ac6549f15a65b19f3444a4178d537a8c161a8b' ]
60 info retry fetch attempt 1 at 12:34:54 AM
61 info attempt registry request try #1 at 12:34:54 AM
62 http fetch GET https://registry.npmjs.org/socket/-/socket-0.0.1.tgz
63 http fetch 200 https://registry.npmjs.org/socket/-/socket-0.0.1.tgz
64 silly fetchAndShaCheck shasum 29ac6549f15a65b19f3444a4178d537a8c161a8b
65 verbose addTmpTarball C:\Users\MOHAMM~1\AppData\Local\Temp\npm-9772-9321d9e1\registry.npmjs.org\socket\-\socket-0.0.1.tgz not in flight; adding
66 verbose addTmpTarball already have metadata; skipping unpack for socket@0.0.1
67 verbose correctMkdir C:\Users\Mohammadreza\AppData\Roaming\npm-cache correctMkdir not in flight; initializing
68 silly cache afterAdd socket@0.0.1
69 verbose afterAdd C:\Users\Mohammadreza\AppData\Roaming\npm-cache\socket\0.0.1\package\package.json not in flight; writing
70 verbose correctMkdir C:\Users\Mohammadreza\AppData\Roaming\npm-cache correctMkdir not in flight; initializing
71 verbose afterAdd C:\Users\Mohammadreza\AppData\Roaming\npm-cache\socket\0.0.1\package\package.json written
72 silly fetchNamedPackageData microtime
73 silly mapToRegistry name microtime
74 silly mapToRegistry using default registry
75 silly mapToRegistry registry https://registry.npmjs.org/
76 silly mapToRegistry data Result {
76 silly mapToRegistry   raw: 'microtime',
76 silly mapToRegistry   scope: null,
76 silly mapToRegistry   escapedName: 'microtime',
76 silly mapToRegistry   name: 'microtime',
76 silly mapToRegistry   rawSpec: '',
76 silly mapToRegistry   spec: 'latest',
76 silly mapToRegistry   type: 'tag' }
77 silly mapToRegistry uri https://registry.npmjs.org/microtime
78 verbose request uri https://registry.npmjs.org/microtime
79 verbose request no auth needed
80 info attempt registry request try #1 at 12:34:55 AM
81 http request GET https://registry.npmjs.org/microtime
82 http 200 https://registry.npmjs.org/microtime
83 verbose headers { server: 'nginx/1.10.1',
83 verbose headers   'content-type': 'application/json',
83 verbose headers   'last-modified': 'Tue, 11 Jul 2017 16:44:14 GMT',
83 verbose headers   etag: 'W/"5965005e-8d9b"',
83 verbose headers   'content-encoding': 'gzip',
83 verbose headers   'cache-control': 'max-age=300',
83 verbose headers   'content-length': '5308',
83 verbose headers   'accept-ranges': 'bytes',
83 verbose headers   date: 'Sat, 11 Nov 2017 21:04:57 GMT',
83 verbose headers   via: '1.1 varnish',
83 verbose headers   age: '0',
83 verbose headers   connection: 'keep-alive',
83 verbose headers   'x-served-by': 'cache-fjr7922-FJR',
83 verbose headers   'x-cache': 'MISS',
83 verbose headers   'x-cache-hits': '0',
83 verbose headers   'x-timer': 'S1510434297.025682,VS0,VE864',
83 verbose headers   vary: 'Accept-Encoding, Accept' }
84 silly get cb [ 200,
84 silly get   { server: 'nginx/1.10.1',
84 silly get     'content-type': 'application/json',
84 silly get     'last-modified': 'Tue, 11 Jul 2017 16:44:14 GMT',
84 silly get     etag: 'W/"5965005e-8d9b"',
84 silly get     'content-encoding': 'gzip',
84 silly get     'cache-control': 'max-age=300',
84 silly get     'content-length': '5308',
84 silly get     'accept-ranges': 'bytes',
84 silly get     date: 'Sat, 11 Nov 2017 21:04:57 GMT',
84 silly get     via: '1.1 varnish',
84 silly get     age: '0',
84 silly get     connection: 'keep-alive',
84 silly get     'x-served-by': 'cache-fjr7922-FJR',
84 silly get     'x-cache': 'MISS',
84 silly get     'x-cache-hits': '0',
84 silly get     'x-timer': 'S1510434297.025682,VS0,VE864',
84 silly get     vary: 'Accept-Encoding, Accept' } ]
85 verbose get saving microtime to C:\Users\Mohammadreza\AppData\Roaming\npm-cache\registry.npmjs.org\microtime\.cache.json
86 verbose correctMkdir C:\Users\Mohammadreza\AppData\Roaming\npm-cache correctMkdir not in flight; initializing
87 silly resolveWithNewModule microtime@0.2.0 checking installable status
88 silly cache add args [ 'microtime@=0.2.0', null ]
89 verbose cache add spec microtime@=0.2.0
90 silly cache add parsed spec Result {
90 silly cache add   raw: 'microtime@=0.2.0',
90 silly cache add   scope: null,
90 silly cache add   escapedName: 'microtime',
90 silly cache add   name: 'microtime',
90 silly cache add   rawSpec: '=0.2.0',
90 silly cache add   spec: '0.2.0',
90 silly cache add   type: 'version' }
91 silly addNamed microtime@0.2.0
92 verbose addNamed "0.2.0" is a plain semver version for microtime
93 silly mapToRegistry name microtime
94 silly mapToRegistry using default registry
95 silly mapToRegistry registry https://registry.npmjs.org/
96 silly mapToRegistry data Result {
96 silly mapToRegistry   raw: 'microtime',
96 silly mapToRegistry   scope: null,
96 silly mapToRegistry   escapedName: 'microtime',
96 silly mapToRegistry   name: 'microtime',
96 silly mapToRegistry   rawSpec: '',
96 silly mapToRegistry   spec: 'latest',
96 silly mapToRegistry   type: 'tag' }
97 silly mapToRegistry uri https://registry.npmjs.org/microtime
98 verbose addNameVersion registry:https://registry.npmjs.org/microtime not in flight; fetching
99 verbose get https://registry.npmjs.org/microtime not expired, no request
100 silly mapToRegistry name microtime
101 silly mapToRegistry using default registry
102 silly mapToRegistry registry https://registry.npmjs.org/
103 silly mapToRegistry data Result {
103 silly mapToRegistry   raw: 'microtime',
103 silly mapToRegistry   scope: null,
103 silly mapToRegistry   escapedName: 'microtime',
103 silly mapToRegistry   name: 'microtime',
103 silly mapToRegistry   rawSpec: '',
103 silly mapToRegistry   spec: 'latest',
103 silly mapToRegistry   type: 'tag' }
104 silly mapToRegistry uri https://registry.npmjs.org/microtime
105 verbose addRemoteTarball https://registry.npmjs.org/microtime/-/microtime-0.2.0.tgz not in flight; adding
106 verbose addRemoteTarball [ 'https://registry.npmjs.org/microtime/-/microtime-0.2.0.tgz',
106 verbose addRemoteTarball   '45ee5cb061f9948a3ade221e620d5117a8a2bdb4' ]
107 info retry fetch attempt 1 at 12:34:56 AM
108 info attempt registry request try #1 at 12:34:56 AM
109 http fetch GET https://registry.npmjs.org/microtime/-/microtime-0.2.0.tgz
110 http fetch 200 https://registry.npmjs.org/microtime/-/microtime-0.2.0.tgz
111 silly fetchAndShaCheck shasum 45ee5cb061f9948a3ade221e620d5117a8a2bdb4
112 verbose addTmpTarball C:\Users\MOHAMM~1\AppData\Local\Temp\npm-9772-9321d9e1\registry.npmjs.org\microtime\-\microtime-0.2.0.tgz not in flight; adding
113 verbose addTmpTarball already have metadata; skipping unpack for microtime@0.2.0
114 verbose correctMkdir C:\Users\Mohammadreza\AppData\Roaming\npm-cache correctMkdir not in flight; initializing
115 silly cache afterAdd microtime@0.2.0
116 verbose afterAdd C:\Users\Mohammadreza\AppData\Roaming\npm-cache\microtime\0.2.0\package\package.json not in flight; writing
117 verbose correctMkdir C:\Users\Mohammadreza\AppData\Roaming\npm-cache correctMkdir not in flight; initializing
118 verbose afterAdd C:\Users\Mohammadreza\AppData\Roaming\npm-cache\microtime\0.2.0\package\package.json written
119 silly loadAllDepsIntoIdealTree Finishing
120 silly loadIdealTree Finishing
121 silly currentTree client-middleware@0.0.0
121 silly currentTree +-- accepts@1.3.4
121 silly currentTree +-- acorn-globals@1.0.9
121 silly currentTree +-- acorn@2.7.0
121 silly currentTree +-- after@0.8.2
121 silly currentTree +-- ajv@5.3.0
121 silly currentTree +-- align-text@0.1.4
121 silly currentTree +-- amdefine@1.0.1
121 silly currentTree +-- array-flatten@1.1.1
121 silly currentTree +-- array-union@1.0.2
121 silly currentTree +-- array-uniq@1.0.3
121 silly currentTree +-- arraybuffer.slice@0.0.6
121 silly currentTree +-- asap@1.0.0
121 silly currentTree +-- asn1@0.2.3
121 silly currentTree +-- assert-plus@1.0.0
121 silly currentTree +-- asynckit@0.4.0
121 silly currentTree +-- aws-sign2@0.7.0
121 silly currentTree +-- aws4@1.6.0
121 silly currentTree +-- backo2@1.0.2
121 silly currentTree +-- balanced-match@1.0.0
121 silly currentTree +-- base64-arraybuffer@0.1.5
121 silly currentTree +-- base64-js@0.0.8
121 silly currentTree +-- base64id@1.0.0
121 silly currentTree +-- basic-auth@2.0.0
121 silly currentTree +-- basic-promise@0.0.6
121 silly currentTree +-- bcrypt-pbkdf@1.0.1
121 silly currentTree +-- better-assert@1.0.2
121 silly currentTree +-- bl@1.2.1
121 silly currentTree +-- blob@0.0.4
121 silly currentTree +-- body-parser@1.18.2
121 silly currentTree +-- boom@4.3.1
121 silly currentTree +-- brace-expansion@1.1.8
121 silly currentTree +-- buffer-crc32@0.2.13
121 silly currentTree +-- buffer@3.6.0
121 silly currentTree +-- bytes@3.0.0
121 silly currentTree +-- callsite@1.0.0
121 silly currentTree +-- camelcase@1.2.1
121 silly currentTree +-- caseless@0.12.0
121 silly currentTree +-- caw@2.0.1
121 silly currentTree +-- center-align@0.1.3
121 silly currentTree +-- character-parser@1.2.1
121 silly currentTree +-- clean-css@3.4.28
121 silly currentTree | `-- commander@2.8.1
121 silly currentTree +-- cliui@2.1.0
121 silly currentTree | `-- wordwrap@0.0.2
121 silly currentTree +-- co@4.6.0
121 silly currentTree +-- combined-stream@1.0.5
121 silly currentTree +-- commander@2.6.0
121 silly currentTree +-- component-bind@1.0.0
121 silly currentTree +-- component-emitter@1.2.1
121 silly currentTree +-- component-inherit@0.0.3
121 silly currentTree +-- concat-map@0.0.1
121 silly currentTree +-- config-chain@1.1.11
121 silly currentTree +-- constantinople@3.0.2
121 silly currentTree +-- content-disposition@0.5.2
121 silly currentTree +-- content-type@1.0.4
121 silly currentTree +-- cookie-parser@1.4.3
121 silly currentTree +-- cookie-signature@1.0.6
121 silly currentTree +-- cookie@0.3.1
121 silly currentTree +-- core-util-is@1.0.2
121 silly currentTree +-- cryptiles@3.1.2
121 silly currentTree | `-- boom@5.2.0
121 silly currentTree +-- css-parse@1.0.4
121 silly currentTree +-- css-stringify@1.0.5
121 silly currentTree +-- css@1.0.8
121 silly currentTree +-- dashdash@1.14.1
121 silly currentTree +-- debug@2.6.9
121 silly currentTree +-- decamelize@1.2.0
121 silly currentTree +-- decompress-response@3.3.0
121 silly currentTree +-- decompress-tar@4.1.1
121 silly currentTree +-- decompress-tarbz2@4.1.1
121 silly currentTree | `-- file-type@6.2.0
121 silly currentTree +-- decompress-targz@4.1.1
121 silly currentTree +-- decompress-unzip@4.0.1
121 silly currentTree | +-- file-type@3.9.0
121 silly currentTree | +-- get-stream@2.3.1
121 silly currentTree | `-- pify@2.3.0
121 silly currentTree +-- decompress@4.2.0
121 silly currentTree | `-- pify@2.3.0
121 silly currentTree +-- del@3.0.0
121 silly currentTree +-- delayed-stream@1.0.0
121 silly currentTree +-- depd@1.1.1
121 silly currentTree +-- destroy@1.0.4
121 silly currentTree +-- download-file@0.1.5
121 silly currentTree +-- download@6.2.5
121 silly currentTree +-- duplexer3@0.1.4
121 silly currentTree +-- ecc-jsbn@0.1.1
121 silly currentTree +-- ee-first@1.1.1
121 silly currentTree +-- encodeurl@1.0.1
121 silly currentTree +-- end-of-stream@1.4.0
121 silly currentTree +-- engine.io-client@3.1.3
121 silly currentTree +-- engine.io-parser@2.1.1
121 silly currentTree +-- engine.io@3.1.3
121 silly currentTree | `-- accepts@1.3.3
121 silly currentTree +-- escape-html@1.0.3
121 silly currentTree +-- escape-string-regexp@1.0.5
121 silly currentTree +-- etag@1.8.1
121 silly currentTree +-- express@4.15.5
121 silly currentTree | +-- qs@6.5.0
121 silly currentTree | `-- statuses@1.3.1
121 silly currentTree +-- ext-list@2.2.2
121 silly currentTree +-- ext-name@5.0.0
121 silly currentTree +-- extend@3.0.1
121 silly currentTree +-- extsprintf@1.3.0
121 silly currentTree +-- fast-deep-equal@1.0.0
121 silly currentTree +-- fast-json-stable-stringify@2.0.0
121 silly currentTree +-- fd-slicer@1.0.1
121 silly currentTree +-- file-type@5.2.0
121 silly currentTree +-- filename-reserved-regex@2.0.0
121 silly currentTree +-- filenamify@2.0.0
121 silly currentTree +-- finalhandler@1.0.6
121 silly currentTree | `-- statuses@1.3.1
121 silly currentTree +-- forever-agent@0.6.1
121 silly currentTree +-- form-data@2.3.1
121 silly currentTree +-- forwarded@0.1.2
121 silly currentTree +-- fresh@0.5.2
121 silly currentTree +-- fs.realpath@1.0.0
121 silly currentTree +-- get-proxy@2.1.0
121 silly currentTree +-- get-stream@3.0.0
121 silly currentTree +-- getpass@0.1.7
121 silly currentTree +-- glob@7.1.2
121 silly currentTree +-- globby@6.1.0
121 silly currentTree | `-- pify@2.3.0
121 silly currentTree +-- got@7.1.0
121 silly currentTree +-- graceful-fs@4.1.11
121 silly currentTree +-- graceful-readlink@1.0.1
121 silly currentTree +-- har-schema@2.0.0
121 silly currentTree +-- har-validator@5.0.3
121 silly currentTree +-- has-binary2@1.0.2
121 silly currentTree | `-- isarray@2.0.1
121 silly currentTree +-- has-cors@1.1.0
121 silly currentTree +-- has-symbol-support-x@1.4.1
121 silly currentTree +-- has-to-string-tag-x@1.4.1
121 silly currentTree +-- hawk@6.0.2
121 silly currentTree +-- hoek@4.2.0
121 silly currentTree +-- http-errors@1.6.2
121 silly currentTree +-- http-signature@1.2.0
121 silly currentTree +-- iconv-lite@0.4.19
121 silly currentTree +-- ieee754@1.1.8
121 silly currentTree +-- indexof@0.0.1
121 silly currentTree +-- inflight@1.0.6
121 silly currentTree +-- inherits@2.0.3
121 silly currentTree +-- ini@1.3.4
121 silly currentTree +-- io@0.1.10
121 silly currentTree +-- ipaddr.js@1.4.0
121 silly currentTree +-- is_js@0.9.0
121 silly currentTree +-- is-buffer@1.1.6
121 silly currentTree +-- is-natural-number@4.0.1
121 silly currentTree +-- is-object@1.0.1
121 silly currentTree +-- is-path-cwd@1.0.0
121 silly currentTree +-- is-path-in-cwd@1.0.0
121 silly currentTree +-- is-path-inside@1.0.0
121 silly currentTree +-- is-plain-obj@1.1.0
121 silly currentTree +-- is-promise@2.1.0
121 silly currentTree +-- is-retry-allowed@1.1.0
121 silly currentTree +-- is-stream@1.1.0
121 silly currentTree +-- is-typedarray@1.0.0
121 silly currentTree +-- isarray@1.0.0
121 silly currentTree +-- isstream@0.1.2
121 silly currentTree +-- isurl@1.0.0
121 silly currentTree +-- jade@1.11.0
121 silly currentTree +-- jsbn@0.1.1
121 silly currentTree +-- json-schema-traverse@0.3.1
121 silly currentTree +-- json-schema@0.2.3
121 silly currentTree +-- json-stringify-safe@5.0.1
121 silly currentTree +-- jsprim@1.4.1
121 silly currentTree +-- jstransformer@0.0.2
121 silly currentTree +-- kind-of@3.2.2
121 silly currentTree +-- lazy-cache@1.0.4
121 silly currentTree +-- longest@1.0.1
121 silly currentTree +-- lowercase-keys@1.0.0
121 silly currentTree +-- make-dir@1.1.0
121 silly currentTree +-- media-typer@0.3.0
121 silly currentTree +-- merge-descriptors@1.0.1
121 silly currentTree +-- methods@1.1.2
121 silly currentTree +-- mime-db@1.30.0
121 silly currentTree +-- mime-types@2.1.17
121 silly currentTree +-- mime@1.3.4
121 silly currentTree +-- mimic-response@1.0.0
121 silly currentTree +-- minimatch@3.0.4
121 silly currentTree +-- minimist@0.0.8
121 silly currentTree +-- mkdirp@0.5.1
121 silly currentTree +-- morgan@1.9.0
121 silly currentTree +-- ms@2.0.0
121 silly currentTree +-- negotiator@0.6.1
121 silly currentTree +-- npm-conf@1.1.3
121 silly currentTree +-- oauth-sign@0.8.2
121 silly currentTree +-- object-assign@4.1.1
121 silly currentTree +-- object-component@0.0.3
121 silly currentTree +-- on-finished@2.3.0
121 silly currentTree +-- on-headers@1.0.1
121 silly currentTree +-- once@1.4.0
121 silly currentTree +-- optimist@0.3.7
121 silly currentTree +-- p-cancelable@0.3.0
121 silly currentTree +-- p-event@1.3.0
121 silly currentTree +-- p-finally@1.0.0
121 silly currentTree +-- p-map@1.2.0
121 silly currentTree +-- p-timeout@1.2.0
121 silly currentTree +-- parseqs@0.0.5
121 silly currentTree +-- parseuri@0.0.5
121 silly currentTree +-- parseurl@1.3.2
121 silly currentTree +-- path-is-absolute@1.0.1
121 silly currentTree +-- path-is-inside@1.0.2
121 silly currentTree +-- path-to-regexp@0.1.7
121 silly currentTree +-- pend@1.2.0
121 silly currentTree +-- performance-now@2.1.0
121 silly currentTree +-- pify@3.0.0
121 silly currentTree +-- pinkie-promise@2.0.1
121 silly currentTree +-- pinkie@2.0.4
121 silly currentTree +-- prepend-http@1.0.4
121 silly currentTree +-- process-nextick-args@1.0.7
121 silly currentTree +-- promise@6.1.0
121 silly currentTree +-- proto-list@1.2.4
121 silly currentTree +-- proxy-addr@1.1.5
121 silly currentTree +-- punycode@1.4.1
121 silly currentTree +-- qs@6.5.1
121 silly currentTree +-- range-parser@1.2.0
121 silly currentTree +-- raw-body@2.3.2
121 silly currentTree +-- readable-stream@2.3.3
121 silly currentTree +-- repeat-string@1.6.1
121 silly currentTree +-- request-ip@2.0.2
121 silly currentTree +-- request@2.83.0
121 silly currentTree +-- right-align@0.1.3
121 silly currentTree +-- rimraf@2.6.2
121 silly currentTree +-- safe-buffer@5.1.1
121 silly currentTree +-- seek-bzip@1.0.5
121 silly currentTree | `-- commander@2.8.1
121 silly currentTree +-- send@0.15.6
121 silly currentTree | `-- statuses@1.3.1
121 silly currentTree +-- serve-favicon@2.4.5
121 silly currentTree +-- serve-static@1.12.6
121 silly currentTree +-- setprototypeof@1.0.3
121 silly currentTree +-- sntp@2.1.0
121 silly currentTree +-- socket-io@1.0.0
121 silly currentTree +-- socket.io-adapter@1.1.1
121 silly currentTree +-- socket.io-client@2.0.4
121 silly currentTree +-- socket.io-parser@3.1.2
121 silly currentTree | `-- isarray@2.0.1
121 silly currentTree +-- socket.io@2.0.4
121 silly currentTree +-- sort-keys-length@1.0.1
121 silly currentTree +-- sort-keys@1.1.2
121 silly currentTree +-- source-map@0.4.4
121 silly currentTree +-- sshpk@1.13.1
121 silly currentTree +-- statuses@1.4.0
121 silly currentTree +-- string_decoder@1.0.3
121 silly currentTree +-- stringstream@0.0.5
121 silly currentTree +-- strip-dirs@2.1.0
121 silly currentTree +-- strip-outer@1.0.0
121 silly currentTree +-- tar-stream@1.5.4
121 silly currentTree +-- through@2.3.8
121 silly currentTree +-- timed-out@4.0.1
121 silly currentTree +-- to-array@0.1.4
121 silly currentTree +-- tough-cookie@2.3.3
121 silly currentTree +-- transformers@2.1.0
121 silly currentTree | +-- is-promise@1.0.1
121 silly currentTree | +-- promise@2.0.0
121 silly currentTree | +-- source-map@0.1.43
121 silly currentTree | `-- uglify-js@2.2.5
121 silly currentTree +-- trim-repeated@1.0.0
121 silly currentTree +-- tunnel-agent@0.6.0
121 silly currentTree +-- tweetnacl@0.14.5
121 silly currentTree +-- type-is@1.6.15
121 silly currentTree +-- uglify-js@2.8.29
121 silly currentTree | `-- source-map@0.5.7
121 silly currentTree +-- uglify-to-browserify@1.0.2
121 silly currentTree +-- ultron@1.1.0
121 silly currentTree +-- unbzip2-stream@1.2.5
121 silly currentTree +-- unpipe@1.0.0
121 silly currentTree +-- url-parse-lax@1.0.0
121 silly currentTree +-- url-to-options@1.0.1
121 silly currentTree +-- util-deprecate@1.0.2
121 silly currentTree +-- utils-merge@1.0.0
121 silly currentTree +-- uuid@3.1.0
121 silly currentTree +-- uws@0.14.5
121 silly currentTree +-- vary@1.1.2
121 silly currentTree +-- verror@1.10.0
121 silly currentTree +-- void-elements@2.0.1
121 silly currentTree +-- window-size@0.1.0
121 silly currentTree +-- with@4.0.3
121 silly currentTree | `-- acorn@1.2.2
121 silly currentTree +-- wordwrap@0.0.3
121 silly currentTree +-- wrappy@1.0.2
121 silly currentTree +-- ws@2.3.1
121 silly currentTree | `-- safe-buffer@5.0.1
121 silly currentTree +-- xmlhttprequest-ssl@1.5.4
121 silly currentTree +-- xtend@4.0.1
121 silly currentTree +-- yargs@3.10.0
121 silly currentTree +-- yauzl@2.9.1
121 silly currentTree `-- yeast@0.1.2
122 silly idealTree client-middleware@0.0.0
122 silly idealTree +-- accepts@1.3.4
122 silly idealTree +-- acorn-globals@1.0.9
122 silly idealTree +-- acorn@2.7.0
122 silly idealTree +-- after@0.8.2
122 silly idealTree +-- ajv@5.3.0
122 silly idealTree +-- align-text@0.1.4
122 silly idealTree +-- amdefine@1.0.1
122 silly idealTree +-- array-flatten@1.1.1
122 silly idealTree +-- array-union@1.0.2
122 silly idealTree +-- array-uniq@1.0.3
122 silly idealTree +-- arraybuffer.slice@0.0.6
122 silly idealTree +-- asap@1.0.0
122 silly idealTree +-- asn1@0.2.3
122 silly idealTree +-- assert-plus@1.0.0
122 silly idealTree +-- asynckit@0.4.0
122 silly idealTree +-- aws-sign2@0.7.0
122 silly idealTree +-- aws4@1.6.0
122 silly idealTree +-- backo2@1.0.2
122 silly idealTree +-- balanced-match@1.0.0
122 silly idealTree +-- base64-arraybuffer@0.1.5
122 silly idealTree +-- base64-js@0.0.8
122 silly idealTree +-- base64id@1.0.0
122 silly idealTree +-- basic-auth@2.0.0
122 silly idealTree +-- basic-promise@0.0.6
122 silly idealTree +-- bcrypt-pbkdf@1.0.1
122 silly idealTree +-- better-assert@1.0.2
122 silly idealTree +-- bl@1.2.1
122 silly idealTree +-- blob@0.0.4
122 silly idealTree +-- body-parser@1.18.2
122 silly idealTree +-- boom@4.3.1
122 silly idealTree +-- brace-expansion@1.1.8
122 silly idealTree +-- buffer-crc32@0.2.13
122 silly idealTree +-- buffer@3.6.0
122 silly idealTree +-- bytes@3.0.0
122 silly idealTree +-- callsite@1.0.0
122 silly idealTree +-- camelcase@1.2.1
122 silly idealTree +-- caseless@0.12.0
122 silly idealTree +-- caw@2.0.1
122 silly idealTree +-- center-align@0.1.3
122 silly idealTree +-- character-parser@1.2.1
122 silly idealTree +-- clean-css@3.4.28
122 silly idealTree | `-- commander@2.8.1
122 silly idealTree +-- cliui@2.1.0
122 silly idealTree | `-- wordwrap@0.0.2
122 silly idealTree +-- co@4.6.0
122 silly idealTree +-- combined-stream@1.0.5
122 silly idealTree +-- commander@2.6.0
122 silly idealTree +-- component-bind@1.0.0
122 silly idealTree +-- component-emitter@1.2.1
122 silly idealTree +-- component-inherit@0.0.3
122 silly idealTree +-- concat-map@0.0.1
122 silly idealTree +-- config-chain@1.1.11
122 silly idealTree +-- constantinople@3.0.2
122 silly idealTree +-- content-disposition@0.5.2
122 silly idealTree +-- content-type@1.0.4
122 silly idealTree +-- cookie-parser@1.4.3
122 silly idealTree +-- cookie-signature@1.0.6
122 silly idealTree +-- cookie@0.3.1
122 silly idealTree +-- core-util-is@1.0.2
122 silly idealTree +-- cryptiles@3.1.2
122 silly idealTree | `-- boom@5.2.0
122 silly idealTree +-- css-parse@1.0.4
122 silly idealTree +-- css-stringify@1.0.5
122 silly idealTree +-- css@1.0.8
122 silly idealTree +-- dashdash@1.14.1
122 silly idealTree +-- debug@2.6.9
122 silly idealTree +-- decamelize@1.2.0
122 silly idealTree +-- decompress-response@3.3.0
122 silly idealTree +-- decompress-tar@4.1.1
122 silly idealTree +-- decompress-tarbz2@4.1.1
122 silly idealTree | `-- file-type@6.2.0
122 silly idealTree +-- decompress-targz@4.1.1
122 silly idealTree +-- decompress-unzip@4.0.1
122 silly idealTree | +-- file-type@3.9.0
122 silly idealTree | +-- get-stream@2.3.1
122 silly idealTree | `-- pify@2.3.0
122 silly idealTree +-- decompress@4.2.0
122 silly idealTree | `-- pify@2.3.0
122 silly idealTree +-- del@3.0.0
122 silly idealTree +-- delayed-stream@1.0.0
122 silly idealTree +-- depd@1.1.1
122 silly idealTree +-- destroy@1.0.4
122 silly idealTree +-- download-file@0.1.5
122 silly idealTree +-- download@6.2.5
122 silly idealTree +-- duplexer3@0.1.4
122 silly idealTree +-- ecc-jsbn@0.1.1
122 silly idealTree +-- ee-first@1.1.1
122 silly idealTree +-- encodeurl@1.0.1
122 silly idealTree +-- end-of-stream@1.4.0
122 silly idealTree +-- engine.io-client@3.1.3
122 silly idealTree +-- engine.io-parser@2.1.1
122 silly idealTree +-- engine.io@3.1.3
122 silly idealTree | `-- accepts@1.3.3
122 silly idealTree +-- escape-html@1.0.3
122 silly idealTree +-- escape-string-regexp@1.0.5
122 silly idealTree +-- etag@1.8.1
122 silly idealTree +-- express@4.15.5
122 silly idealTree | +-- qs@6.5.0
122 silly idealTree | `-- statuses@1.3.1
122 silly idealTree +-- ext-list@2.2.2
122 silly idealTree +-- ext-name@5.0.0
122 silly idealTree +-- extend@3.0.1
122 silly idealTree +-- extsprintf@1.3.0
122 silly idealTree +-- fast-deep-equal@1.0.0
122 silly idealTree +-- fast-json-stable-stringify@2.0.0
122 silly idealTree +-- fd-slicer@1.0.1
122 silly idealTree +-- file-type@5.2.0
122 silly idealTree +-- filename-reserved-regex@2.0.0
122 silly idealTree +-- filenamify@2.0.0
122 silly idealTree +-- finalhandler@1.0.6
122 silly idealTree | `-- statuses@1.3.1
122 silly idealTree +-- forever-agent@0.6.1
122 silly idealTree +-- form-data@2.3.1
122 silly idealTree +-- forwarded@0.1.2
122 silly idealTree +-- fresh@0.5.2
122 silly idealTree +-- fs.realpath@1.0.0
122 silly idealTree +-- get-proxy@2.1.0
122 silly idealTree +-- get-stream@3.0.0
122 silly idealTree +-- getpass@0.1.7
122 silly idealTree +-- glob@7.1.2
122 silly idealTree +-- globby@6.1.0
122 silly idealTree | `-- pify@2.3.0
122 silly idealTree +-- got@7.1.0
122 silly idealTree +-- graceful-fs@4.1.11
122 silly idealTree +-- graceful-readlink@1.0.1
122 silly idealTree +-- har-schema@2.0.0
122 silly idealTree +-- har-validator@5.0.3
122 silly idealTree +-- has-binary2@1.0.2
122 silly idealTree | `-- isarray@2.0.1
122 silly idealTree +-- has-cors@1.1.0
122 silly idealTree +-- has-symbol-support-x@1.4.1
122 silly idealTree +-- has-to-string-tag-x@1.4.1
122 silly idealTree +-- hawk@6.0.2
122 silly idealTree +-- hoek@4.2.0
122 silly idealTree +-- http-errors@1.6.2
122 silly idealTree +-- http-signature@1.2.0
122 silly idealTree +-- iconv-lite@0.4.19
122 silly idealTree +-- ieee754@1.1.8
122 silly idealTree +-- indexof@0.0.1
122 silly idealTree +-- inflight@1.0.6
122 silly idealTree +-- inherits@2.0.3
122 silly idealTree +-- ini@1.3.4
122 silly idealTree +-- io@0.1.10
122 silly idealTree +-- ipaddr.js@1.4.0
122 silly idealTree +-- is_js@0.9.0
122 silly idealTree +-- is-buffer@1.1.6
122 silly idealTree +-- is-natural-number@4.0.1
122 silly idealTree +-- is-object@1.0.1
122 silly idealTree +-- is-path-cwd@1.0.0
122 silly idealTree +-- is-path-in-cwd@1.0.0
122 silly idealTree +-- is-path-inside@1.0.0
122 silly idealTree +-- is-plain-obj@1.1.0
122 silly idealTree +-- is-promise@2.1.0
122 silly idealTree +-- is-retry-allowed@1.1.0
122 silly idealTree +-- is-stream@1.1.0
122 silly idealTree +-- is-typedarray@1.0.0
122 silly idealTree +-- isarray@1.0.0
122 silly idealTree +-- isstream@0.1.2
122 silly idealTree +-- isurl@1.0.0
122 silly idealTree +-- jade@1.11.0
122 silly idealTree +-- jsbn@0.1.1
122 silly idealTree +-- json-schema-traverse@0.3.1
122 silly idealTree +-- json-schema@0.2.3
122 silly idealTree +-- json-stringify-safe@5.0.1
122 silly idealTree +-- jsprim@1.4.1
122 silly idealTree +-- jstransformer@0.0.2
122 silly idealTree +-- kind-of@3.2.2
122 silly idealTree +-- lazy-cache@1.0.4
122 silly idealTree +-- longest@1.0.1
122 silly idealTree +-- lowercase-keys@1.0.0
122 silly idealTree +-- make-dir@1.1.0
122 silly idealTree +-- media-typer@0.3.0
122 silly idealTree +-- merge-descriptors@1.0.1
122 silly idealTree +-- methods@1.1.2
122 silly idealTree +-- microtime@0.2.0
122 silly idealTree +-- mime-db@1.30.0
122 silly idealTree +-- mime-types@2.1.17
122 silly idealTree +-- mime@1.3.4
122 silly idealTree +-- mimic-response@1.0.0
122 silly idealTree +-- minimatch@3.0.4
122 silly idealTree +-- minimist@0.0.8
122 silly idealTree +-- mkdirp@0.5.1
122 silly idealTree +-- morgan@1.9.0
122 silly idealTree +-- ms@2.0.0
122 silly idealTree +-- negotiator@0.6.1
122 silly idealTree +-- npm-conf@1.1.3
122 silly idealTree +-- oauth-sign@0.8.2
122 silly idealTree +-- object-assign@4.1.1
122 silly idealTree +-- object-component@0.0.3
122 silly idealTree +-- on-finished@2.3.0
122 silly idealTree +-- on-headers@1.0.1
122 silly idealTree +-- once@1.4.0
122 silly idealTree +-- optimist@0.3.7
122 silly idealTree +-- p-cancelable@0.3.0
122 silly idealTree +-- p-event@1.3.0
122 silly idealTree +-- p-finally@1.0.0
122 silly idealTree +-- p-map@1.2.0
122 silly idealTree +-- p-timeout@1.2.0
122 silly idealTree +-- parseqs@0.0.5
122 silly idealTree +-- parseuri@0.0.5
122 silly idealTree +-- parseurl@1.3.2
122 silly idealTree +-- path-is-absolute@1.0.1
122 silly idealTree +-- path-is-inside@1.0.2
122 silly idealTree +-- path-to-regexp@0.1.7
122 silly idealTree +-- pend@1.2.0
122 silly idealTree +-- performance-now@2.1.0
122 silly idealTree +-- pify@3.0.0
122 silly idealTree +-- pinkie-promise@2.0.1
122 silly idealTree +-- pinkie@2.0.4
122 silly idealTree +-- prepend-http@1.0.4
122 silly idealTree +-- process-nextick-args@1.0.7
122 silly idealTree +-- promise@6.1.0
122 silly idealTree +-- proto-list@1.2.4
122 silly idealTree +-- proxy-addr@1.1.5
122 silly idealTree +-- punycode@1.4.1
122 silly idealTree +-- qs@6.5.1
122 silly idealTree +-- range-parser@1.2.0
122 silly idealTree +-- raw-body@2.3.2
122 silly idealTree +-- readable-stream@2.3.3
122 silly idealTree +-- repeat-string@1.6.1
122 silly idealTree +-- request-ip@2.0.2
122 silly idealTree +-- request@2.83.0
122 silly idealTree +-- right-align@0.1.3
122 silly idealTree +-- rimraf@2.6.2
122 silly idealTree +-- safe-buffer@5.1.1
122 silly idealTree +-- seek-bzip@1.0.5
122 silly idealTree | `-- commander@2.8.1
122 silly idealTree +-- send@0.15.6
122 silly idealTree | `-- statuses@1.3.1
122 silly idealTree +-- serve-favicon@2.4.5
122 silly idealTree +-- serve-static@1.12.6
122 silly idealTree +-- setprototypeof@1.0.3
122 silly idealTree +-- sntp@2.1.0
122 silly idealTree +-- socket-io@1.0.0
122 silly idealTree +-- socket.io-adapter@1.1.1
122 silly idealTree +-- socket.io-client@2.0.4
122 silly idealTree +-- socket.io-parser@3.1.2
122 silly idealTree | `-- isarray@2.0.1
122 silly idealTree +-- socket.io@2.0.4
122 silly idealTree +-- socket@0.0.1
122 silly idealTree +-- sort-keys-length@1.0.1
122 silly idealTree +-- sort-keys@1.1.2
122 silly idealTree +-- source-map@0.4.4
122 silly idealTree +-- sshpk@1.13.1
122 silly idealTree +-- statuses@1.4.0
122 silly idealTree +-- string_decoder@1.0.3
122 silly idealTree +-- stringstream@0.0.5
122 silly idealTree +-- strip-dirs@2.1.0
122 silly idealTree +-- strip-outer@1.0.0
122 silly idealTree +-- tar-stream@1.5.4
122 silly idealTree +-- through@2.3.8
122 silly idealTree +-- timed-out@4.0.1
122 silly idealTree +-- to-array@0.1.4
122 silly idealTree +-- tough-cookie@2.3.3
122 silly idealTree +-- transformers@2.1.0
122 silly idealTree | +-- is-promise@1.0.1
122 silly idealTree | +-- promise@2.0.0
122 silly idealTree | +-- source-map@0.1.43
122 silly idealTree | `-- uglify-js@2.2.5
122 silly idealTree +-- trim-repeated@1.0.0
122 silly idealTree +-- tunnel-agent@0.6.0
122 silly idealTree +-- tweetnacl@0.14.5
122 silly idealTree +-- type-is@1.6.15
122 silly idealTree +-- uglify-js@2.8.29
122 silly idealTree | `-- source-map@0.5.7
122 silly idealTree +-- uglify-to-browserify@1.0.2
122 silly idealTree +-- ultron@1.1.0
122 silly idealTree +-- unbzip2-stream@1.2.5
122 silly idealTree +-- unpipe@1.0.0
122 silly idealTree +-- url-parse-lax@1.0.0
122 silly idealTree +-- url-to-options@1.0.1
122 silly idealTree +-- util-deprecate@1.0.2
122 silly idealTree +-- utils-merge@1.0.0
122 silly idealTree +-- uuid@3.1.0
122 silly idealTree +-- uws@0.14.5
122 silly idealTree +-- vary@1.1.2
122 silly idealTree +-- verror@1.10.0
122 silly idealTree +-- void-elements@2.0.1
122 silly idealTree +-- window-size@0.1.0
122 silly idealTree +-- with@4.0.3
122 silly idealTree | `-- acorn@1.2.2
122 silly idealTree +-- wordwrap@0.0.3
122 silly idealTree +-- wrappy@1.0.2
122 silly idealTree +-- ws@2.3.1
122 silly idealTree | `-- safe-buffer@5.0.1
122 silly idealTree +-- xmlhttprequest-ssl@1.5.4
122 silly idealTree +-- xtend@4.0.1
122 silly idealTree +-- yargs@3.10.0
122 silly idealTree +-- yauzl@2.9.1
122 silly idealTree `-- yeast@0.1.2
123 silly generateActionsToTake Starting
124 silly install generateActionsToTake
125 silly generateActionsToTake Finishing
126 silly diffTrees action count 2
127 silly diffTrees add microtime@0.2.0
128 silly diffTrees add socket@0.0.1
129 silly decomposeActions action count 16
130 silly decomposeActions fetch microtime@0.2.0
131 silly decomposeActions extract microtime@0.2.0
132 silly decomposeActions test microtime@0.2.0
133 silly decomposeActions preinstall microtime@0.2.0
134 silly decomposeActions build microtime@0.2.0
135 silly decomposeActions install microtime@0.2.0
136 silly decomposeActions postinstall microtime@0.2.0
137 silly decomposeActions finalize microtime@0.2.0
138 silly decomposeActions fetch socket@0.0.1
139 silly decomposeActions extract socket@0.0.1
140 silly decomposeActions test socket@0.0.1
141 silly decomposeActions preinstall socket@0.0.1
142 silly decomposeActions build socket@0.0.1
143 silly decomposeActions install socket@0.0.1
144 silly decomposeActions postinstall socket@0.0.1
145 silly decomposeActions finalize socket@0.0.1
146 silly runTopLevelLifecycles Starting
147 silly executeActions Starting
148 silly install executeActions
149 silly doSerial global-install 0
150 silly doParallel fetch 2
151 verbose correctMkdir C:\Users\Mohammadreza\AppData\Roaming\npm-cache\_locks correctMkdir not in flight; initializing
152 verbose lock using C:\Users\Mohammadreza\AppData\Roaming\npm-cache\_locks\staging-10d8c3ea86da4226.lock for C:\Users\Mohammadreza\Desktop\ElevatorAds\client-middleware\node_modules\.staging
153 silly doParallel extract 2
154 silly extract microtime@0.2.0
155 silly extract socket@0.0.1
156 verbose unbuild node_modules\.staging\microtime-a5e9de88
157 verbose unbuild node_modules\.staging\socket-87304383
158 silly gentlyRm C:\Users\Mohammadreza\Desktop\ElevatorAds\client-middleware\node_modules\.staging\microtime-a5e9de88 is being purged from base C:\Users\Mohammadreza\Desktop\ElevatorAds\client-middleware
159 verbose gentlyRm don't care about contents; nuking C:\Users\Mohammadreza\Desktop\ElevatorAds\client-middleware\node_modules\.staging\microtime-a5e9de88
160 silly gentlyRm C:\Users\Mohammadreza\Desktop\ElevatorAds\client-middleware\node_modules\.staging\socket-87304383 is being purged from base C:\Users\Mohammadreza\Desktop\ElevatorAds\client-middleware
161 verbose gentlyRm don't care about contents; nuking C:\Users\Mohammadreza\Desktop\ElevatorAds\client-middleware\node_modules\.staging\socket-87304383
162 verbose tar unpack C:\Users\Mohammadreza\AppData\Roaming\npm-cache\microtime\0.2.0\package.tgz
163 verbose tar unpacking to C:\Users\Mohammadreza\Desktop\ElevatorAds\client-middleware\node_modules\.staging\microtime-a5e9de88
164 silly gentlyRm C:\Users\Mohammadreza\Desktop\ElevatorAds\client-middleware\node_modules\.staging\microtime-a5e9de88 is being purged
165 verbose gentlyRm don't care about contents; nuking C:\Users\Mohammadreza\Desktop\ElevatorAds\client-middleware\node_modules\.staging\microtime-a5e9de88
166 verbose tar unpack C:\Users\Mohammadreza\AppData\Roaming\npm-cache\socket\0.0.1\package.tgz
167 verbose tar unpacking to C:\Users\Mohammadreza\Desktop\ElevatorAds\client-middleware\node_modules\.staging\socket-87304383
168 silly gentlyRm C:\Users\Mohammadreza\Desktop\ElevatorAds\client-middleware\node_modules\.staging\socket-87304383 is being purged
169 verbose gentlyRm don't care about contents; nuking C:\Users\Mohammadreza\Desktop\ElevatorAds\client-middleware\node_modules\.staging\socket-87304383
170 silly gunzTarPerm modes [ '777', '666' ]
171 silly gunzTarPerm modes [ '777', '666' ]
172 silly gunzTarPerm extractEntry index.js
173 silly gunzTarPerm modified mode [ 'index.js', 420, 438 ]
174 silly gunzTarPerm extractEntry examples/
175 silly gunzTarPerm modified mode [ 'examples/', 493, 511 ]
176 silly gunzTarPerm extractEntry examples/echo-server.js
177 silly gunzTarPerm modified mode [ 'examples/echo-server.js', 420, 438 ]
178 silly gunzTarPerm extractEntry examples/simple-test.js
179 silly gunzTarPerm modified mode [ 'examples/simple-test.js', 420, 438 ]
180 silly gunzTarPerm extractEntry examples/simple-time-server.js
181 silly gunzTarPerm modified mode [ 'examples/simple-time-server.js', 420, 438 ]
182 silly gunzTarPerm extractEntry LICENSE
183 silly gunzTarPerm modified mode [ 'LICENSE', 420, 438 ]
184 silly gunzTarPerm extractEntry package.json
185 silly gunzTarPerm modified mode [ 'package.json', 420, 438 ]
186 silly gunzTarPerm extractEntry index.js
187 silly gunzTarPerm modified mode [ 'index.js', 420, 438 ]
188 silly gunzTarPerm extractEntry lib/
189 silly gunzTarPerm modified mode [ 'lib/', 493, 511 ]
190 silly gunzTarPerm extractEntry README.md
191 silly gunzTarPerm modified mode [ 'README.md', 420, 438 ]
192 silly gunzTarPerm extractEntry test.js
193 silly gunzTarPerm modified mode [ 'test.js', 420, 438 ]
194 silly gunzTarPerm extractEntry lib/index.js
195 silly gunzTarPerm modified mode [ 'lib/index.js', 420, 438 ]
196 silly gunzTarPerm extractEntry lib/middleware/
197 silly gunzTarPerm modified mode [ 'lib/middleware/', 493, 511 ]
198 silly gunzTarPerm extractEntry wscript
199 silly gunzTarPerm modified mode [ 'wscript', 420, 438 ]
200 silly gunzTarPerm extractEntry src/microtime.cc
201 silly gunzTarPerm modified mode [ 'src/microtime.cc', 420, 438 ]
202 silly gunzTarPerm extractEntry lib/middleware/echo.js
203 silly gunzTarPerm modified mode [ 'lib/middleware/echo.js', 420, 438 ]
204 silly gunzTarPerm extractEntry lib/middleware/errorHandler.js
205 silly gunzTarPerm modified mode [ 'lib/middleware/errorHandler.js', 420, 438 ]
206 silly gunzTarPerm extractEntry lib/middleware/json.js
207 silly gunzTarPerm modified mode [ 'lib/middleware/json.js', 420, 438 ]
208 silly gunzTarPerm extractEntry lib/middleware/profiler.js
209 silly gunzTarPerm modified mode [ 'lib/middleware/profiler.js', 420, 438 ]
210 silly gunzTarPerm extractEntry lib/proto.js
211 silly gunzTarPerm modified mode [ 'lib/proto.js', 420, 438 ]
212 silly gunzTarPerm extractEntry lib/utils.js
213 silly gunzTarPerm modified mode [ 'lib/utils.js', 420, 438 ]
214 silly gunzTarPerm extractEntry nbproject/
215 silly gunzTarPerm modified mode [ 'nbproject/', 493, 511 ]
216 silly gunzTarPerm extractEntry nbproject/private/
217 silly gunzTarPerm modified mode [ 'nbproject/private/', 493, 511 ]
218 silly gunzTarPerm extractEntry nbproject/private/private.properties
219 silly gunzTarPerm modified mode [ 'nbproject/private/private.properties', 420, 438 ]
220 silly gunzTarPerm extractEntry nbproject/project.properties
221 silly gunzTarPerm modified mode [ 'nbproject/project.properties', 420, 438 ]
222 silly gunzTarPerm extractEntry nbproject/project.xml
223 silly gunzTarPerm modified mode [ 'nbproject/project.xml', 420, 438 ]
224 silly gunzTarPerm extractEntry package.json
225 silly gunzTarPerm modified mode [ 'package.json', 420, 438 ]
226 silly gunzTarPerm extractEntry scripts/
227 silly gunzTarPerm modified mode [ 'scripts/', 493, 511 ]
228 silly gunzTarPerm extractEntry scripts/lint
229 silly gunzTarPerm modified mode [ 'scripts/lint', 493, 511 ]
230 silly gentlyRm C:\Users\Mohammadreza\Desktop\ElevatorAds\client-middleware\node_modules\.staging\microtime-a5e9de88\node_modules is being purged
231 verbose gentlyRm don't care about contents; nuking C:\Users\Mohammadreza\Desktop\ElevatorAds\client-middleware\node_modules\.staging\microtime-a5e9de88\node_modules
232 silly gentlyRm C:\Users\Mohammadreza\Desktop\ElevatorAds\client-middleware\node_modules\.staging\socket-87304383\node_modules is being purged
233 verbose gentlyRm don't care about contents; nuking C:\Users\Mohammadreza\Desktop\ElevatorAds\client-middleware\node_modules\.staging\socket-87304383\node_modules
234 silly doParallel preinstall 2
235 silly preinstall microtime@0.2.0 C:\Users\Mohammadreza\Desktop\ElevatorAds\client-middleware\node_modules\.staging\microtime-a5e9de88
236 info lifecycle microtime@0.2.0~preinstall: microtime@0.2.0
237 silly preinstall socket@0.0.1 C:\Users\Mohammadreza\Desktop\ElevatorAds\client-middleware\node_modules\.staging\socket-87304383
238 info lifecycle socket@0.0.1~preinstall: socket@0.0.1
239 silly lifecycle microtime@0.2.0~preinstall: no script for preinstall, continuing
240 silly lifecycle socket@0.0.1~preinstall: no script for preinstall, continuing
241 silly doReverseSerial remove 0
242 silly doSerial move 0
243 silly doSerial finalize 2
244 silly finalize C:\Users\Mohammadreza\Desktop\ElevatorAds\client-middleware\node_modules\microtime
245 silly finalize C:\Users\Mohammadreza\Desktop\ElevatorAds\client-middleware\node_modules\socket
246 silly doSerial build 2
247 silly build microtime@0.2.0
248 info linkStuff microtime@0.2.0
249 silly linkStuff microtime@0.2.0 has C:\Users\Mohammadreza\Desktop\ElevatorAds\client-middleware\node_modules as its parent node_modules
250 verbose linkBins microtime@0.2.0
251 verbose linkMans microtime@0.2.0
252 silly build socket@0.0.1
253 info linkStuff socket@0.0.1
254 silly linkStuff socket@0.0.1 has C:\Users\Mohammadreza\Desktop\ElevatorAds\client-middleware\node_modules as its parent node_modules
255 verbose linkBins socket@0.0.1
256 verbose linkMans socket@0.0.1
257 silly doSerial global-link 0
258 silly doParallel update-linked 0
259 silly doSerial install 2
260 silly install microtime@0.2.0 C:\Users\Mohammadreza\Desktop\ElevatorAds\client-middleware\node_modules\.staging\microtime-a5e9de88
261 info lifecycle microtime@0.2.0~install: microtime@0.2.0
262 verbose lifecycle microtime@0.2.0~install: unsafe-perm in lifecycle true
263 verbose lifecycle microtime@0.2.0~install: PATH: C:\Program Files\nodejs\node_modules\npm\bin\node-gyp-bin;C:\Users\Mohammadreza\Desktop\ElevatorAds\client-middleware\node_modules\microtime\node_modules\.bin;C:\Users\Mohammadreza\Desktop\ElevatorAds\client-middleware\node_modules\.bin;C:\synopsys\Hspice_J-2014.09-SP2-2;C:\Python27\;C:\Python27\Scripts;C:\ProgramData\Oracle\Java\javapath;C:\Program Files (x86)\Intel\iCLS Client\;C:\Program Files\Intel\iCLS Client\;C:\Program Files\Dell\DW WLAN Card;C:\WINDOWS\system32;C:\WINDOWS;C:\WINDOWS\System32\Wbem;C:\WINDOWS\System32\WindowsPowerShell\v1.0\;C:\Program Files (x86)\Intel\Intel(R) Management Engine Components\DAL;C:\Program Files\Intel\Intel(R) Management Engine Components\DAL;C:\Program Files (x86)\Intel\Intel(R) Management Engine Components\IPT;C:\Program Files\Intel\Intel(R) Management Engine Components\IPT;C:\Program Files\Git\cmd;C:\Program Files\Microsoft SQL Server\120\Tools\Binn\;C:\Program Files\Microsoft SQL Server\130\Tools\Binn\;C:\Program Files\compilers\bin;C:\cygnus\cygwin-b20\H-i586-cygwin32\bin;C:\Program Files\nodejs\;C:\Program Files (x86)\Common Files\Acronis\SnapAPI\;C:\Users\Mohammadreza\AppData\Local\Microsoft\WindowsApps;C:\modeltech_6.5c\win32;C:\modeltech64_10.1c\win64;C:\Program Files\compilers\bin;C:\cygnus\cygwin-b20\H-i586-cygwin32\bin;C:\Users\Mohammadreza\AppData\Roaming\npm;C:\Users\Mohammadreza\AppData\Local\atom\bin
264 verbose lifecycle microtime@0.2.0~install: CWD: C:\Users\Mohammadreza\Desktop\ElevatorAds\client-middleware\node_modules\microtime
265 silly lifecycle microtime@0.2.0~install: Args: [ '/d /s /c', 'node-waf configure build' ]
266 silly lifecycle microtime@0.2.0~install: Returned: code: 1  signal: null
267 info lifecycle microtime@0.2.0~install: Failed to exec install script
268 verbose unlock done using C:\Users\Mohammadreza\AppData\Roaming\npm-cache\_locks\staging-10d8c3ea86da4226.lock for C:\Users\Mohammadreza\Desktop\ElevatorAds\client-middleware\node_modules\.staging
269 silly rollbackFailedOptional Starting
270 silly rollbackFailedOptional Finishing
271 silly runTopLevelLifecycles Finishing
272 silly install printInstalled
273 verbose stack Error: microtime@0.2.0 install: `node-waf configure build`
273 verbose stack Exit status 1
273 verbose stack     at EventEmitter.<anonymous> (C:\Program Files\nodejs\node_modules\npm\lib\utils\lifecycle.js:255:16)
273 verbose stack     at emitTwo (events.js:106:13)
273 verbose stack     at EventEmitter.emit (events.js:191:7)
273 verbose stack     at ChildProcess.<anonymous> (C:\Program Files\nodejs\node_modules\npm\lib\utils\spawn.js:40:14)
273 verbose stack     at emitTwo (events.js:106:13)
273 verbose stack     at ChildProcess.emit (events.js:191:7)
273 verbose stack     at maybeClose (internal/child_process.js:877:16)
273 verbose stack     at Process.ChildProcess._handle.onexit (internal/child_process.js:226:5)
274 verbose pkgid microtime@0.2.0
275 verbose cwd C:\Users\Mohammadreza\Desktop\ElevatorAds\client-middleware
276 error Windows_NT 10.0.15063
277 error argv "C:\\Program Files\\nodejs\\node.exe" "C:\\Program Files\\nodejs\\node_modules\\npm\\bin\\npm-cli.js" "install" "socket"
278 error node v6.10.0
279 error npm  v3.10.10
280 error code ELIFECYCLE
281 error microtime@0.2.0 install: `node-waf configure build`
281 error Exit status 1
282 error Failed at the microtime@0.2.0 install script 'node-waf configure build'.
282 error Make sure you have the latest version of node.js and npm installed.
282 error If you do, this is most likely a problem with the microtime package,
282 error not with npm itself.
282 error Tell the author that this fails on your system:
282 error     node-waf configure build
282 error You can get information on how to open an issue for this project with:
282 error     npm bugs microtime
282 error Or if that isn't available, you can get their info via:
282 error     npm owner ls microtime
282 error There is likely additional logging output above.
283 verbose exit [ 1, true ]
